[debug] ----------------------------------------------------------------------
[debug] Command:      /usr/local/bin/node /usr/local/bin/firebase deploy
[debug] CLI Version:  3.6.1
[debug] Platform:     darwin
[debug] Node Version: v6.9.1
[debug] Time:         Tue May 09 2017 16:08:49 GMT+0700 (+07)
[debug] ----------------------------------------------------------------------
[debug] 
[debug] > command requires scopes: ["email","openid","https://www.googleapis.com/auth/cloudplatformprojects.readonly","https://www.googleapis.com/auth/firebase","https://www.googleapis.com/auth/cloud-platform"]
[debug] > refreshing access token with scopes: ["email","https://www.googleapis.com/auth/cloud-platform","https://www.googleapis.com/auth/cloudplatformprojects.readonly","https://www.googleapis.com/auth/firebase","openid"]
[debug] >>> HTTP REQUEST POST https://www.googleapis.com/oauth2/v3/token { refresh_token: '1/lc1xoqe9U2DDKyUGt0rMNEX7DkHMN7aGRDoOyRxOP-k',
  client_id: '563584335869-fgrhgmd47bqnekij5i8b5pr03ho849e6.apps.googleusercontent.com',
  client_secret: 'j9iVZfS8kkCEFUPaAeJV0sAi',
  grant_type: 'refresh_token',
  scope: 'email https://www.googleapis.com/auth/cloud-platform https://www.googleapis.com/auth/cloudplatformprojects.readonly https://www.googleapis.com/auth/firebase openid' } 
 Tue May 09 2017 16:08:49 GMT+0700 (+07)
[debug] <<< HTTP RESPONSE 200
[debug] >>> HTTP REQUEST GET https://admin.firebase.com/v1/projects/uppercut-d05a3  
 Tue May 09 2017 16:08:49 GMT+0700 (+07)
[debug] <<< HTTP RESPONSE 200
[debug] >>> HTTP REQUEST GET https://admin.firebase.com/v1/database/uppercut-d05a3/tokens  
 Tue May 09 2017 16:08:50 GMT+0700 (+07)
[debug] <<< HTTP RESPONSE 200
[info] 
[info] === Deploying to 'uppercut-d05a3'...
[info] 
[info] i  deploying database, functions, hosting
[info] ✔  database: rules ready to deploy.
[debug] > [functions] package.json contents: {
  "name": "functions",
  "description": "Cloud Functions for Firebase",
  "dependencies": {
    "firebase-admin": "~4.1.2",
    "firebase-functions": "^0.5"
  },
  "private": true
}
[info] i  functions: ensuring necessary APIs are enabled...
[info] i  runtimeconfig: ensuring necessary APIs are enabled...
[debug] >>> HTTP REQUEST GET https://servicemanagement.googleapis.com/v1/services/cloudfunctions.googleapis.com/projectSettings/uppercut-d05a3?view=CONSUMER_VIEW  
 Tue May 09 2017 16:08:54 GMT+0700 (+07)
[debug] >>> HTTP REQUEST GET https://servicemanagement.googleapis.com/v1/services/runtimeconfig.googleapis.com/projectSettings/uppercut-d05a3?view=CONSUMER_VIEW  
 Tue May 09 2017 16:08:54 GMT+0700 (+07)
[debug] <<< HTTP RESPONSE 200
[info] ✔  runtimeconfig: all necessary APIs are enabled
[debug] <<< HTTP RESPONSE 200
[info] ✔  functions: all necessary APIs are enabled
[debug] >>> HTTP REQUEST GET https://appengine.googleapis.com/v1/apps/uppercut-d05a3  
 Tue May 09 2017 16:08:56 GMT+0700 (+07)
[debug] >>> HTTP REQUEST GET https://apikeys.googleapis.com/v1/projects/uppercut-d05a3/apiKeys  
 Tue May 09 2017 16:08:56 GMT+0700 (+07)
[debug] <<< HTTP RESPONSE 200
[debug] <<< HTTP RESPONSE 200
[info] i  functions: preparing functions directory for uploading...
[debug] >>> HTTP REQUEST GET https://runtimeconfig.googleapis.com/v1beta1/projects/uppercut-d05a3/configs  
 Tue May 09 2017 16:09:00 GMT+0700 (+07)
[debug] <<< HTTP RESPONSE 200
[debug] > [functions] runtime config materialized as: {
  "firebase": {
    "databaseURL": "https://uppercut-d05a3.firebaseio.com",
    "storageBucket": "uppercut-d05a3.appspot.com",
    "apiKey": "AIzaSyDuk6MWvCV4gNDqSFpoT97Qo3mC-YsFpaE",
    "authDomain": "uppercut-d05a3.firebaseapp.com"
  }
}
[debug] > [functions] parsed triggers: []
[info] i  hosting: preparing dist directory for upload...
[debug] >>> HTTP REQUEST PUT https://deploy.firebase.com/v1/hosting/uppercut-d05a3/uploads/-KjgSzmxNhxunqLInqph?fileCount=409&message=  
 Tue May 09 2017 16:09:14 GMT+0700 (+07)
